GowinSynthesis start
Running parser ...
Analyzing Verilog file 'C:\Users\Legion\Desktop\01_sopc\1C102\src\hw\amba\apb_mux9.v'
Analyzing included file 'C:\Users\Legion\Desktop\01_sopc\1C102\src\hw\amba\..\config.v'("C:\Users\Legion\Desktop\01_sopc\1C102\src\hw\amba\apb_mux9.v":1)
Back to file 'C:\Users\Legion\Desktop\01_sopc\1C102\src\hw\amba\apb_mux9.v'("C:\Users\Legion\Desktop\01_sopc\1C102\src\hw\amba\apb_mux9.v":1)
Analyzing Verilog file 'C:\Users\Legion\Desktop\01_sopc\1C102\src\hw\amba\axi2apb.v'
Analyzing included file 'C:\Users\Legion\Desktop\01_sopc\1C102\src\hw\amba\..\config.v'("C:\Users\Legion\Desktop\01_sopc\1C102\src\hw\amba\axi2apb.v":10)
Back to file 'C:\Users\Legion\Desktop\01_sopc\1C102\src\hw\amba\axi2apb.v'("C:\Users\Legion\Desktop\01_sopc\1C102\src\hw\amba\axi2apb.v":10)
Analyzing Verilog file 'C:\Users\Legion\Desktop\01_sopc\1C102\src\hw\amba\axi_mux.v'
Analyzing included file 'C:\Users\Legion\Desktop\01_sopc\1C102\src\hw\amba\..\config.v'("C:\Users\Legion\Desktop\01_sopc\1C102\src\hw\amba\axi_mux.v":1)
Back to file 'C:\Users\Legion\Desktop\01_sopc\1C102\src\hw\amba\axi_mux.v'("C:\Users\Legion\Desktop\01_sopc\1C102\src\hw\amba\axi_mux.v":1)
Analyzing Verilog file 'C:\Users\Legion\Desktop\01_sopc\1C102\src\hw\apb_gpio.v'
Analyzing Verilog file 'C:\Users\Legion\Desktop\01_sopc\1C102\src\hw\config.v'
Analyzing Verilog file 'C:\Users\Legion\Desktop\01_sopc\1C102\src\hw\confreg\confreg.v'
Analyzing included file 'C:\Users\Legion\Desktop\01_sopc\1C102\src\hw\confreg\..\config.v'("C:\Users\Legion\Desktop\01_sopc\1C102\src\hw\confreg\confreg.v":1)
Back to file 'C:\Users\Legion\Desktop\01_sopc\1C102\src\hw\confreg\confreg.v'("C:\Users\Legion\Desktop\01_sopc\1C102\src\hw\confreg\confreg.v":1)
Analyzing Verilog file 'C:\Users\Legion\Desktop\01_sopc\1C102\src\hw\godson_mcu_cpu.v'
Analyzing included file 'C:\Users\Legion\Desktop\01_sopc\1C102\src\hw\config.v'("C:\Users\Legion\Desktop\01_sopc\1C102\src\hw\godson_mcu_cpu.v":1)
Back to file 'C:\Users\Legion\Desktop\01_sopc\1C102\src\hw\godson_mcu_cpu.v'("C:\Users\Legion\Desktop\01_sopc\1C102\src\hw\godson_mcu_cpu.v":1)
Undeclared symbol 'ljtag_prrst_src', assumed default net type 'wire'("C:\Users\Legion\Desktop\01_sopc\1C102\src\hw\godson_mcu_cpu.v":356)
Undeclared symbol 'apb_valid', assumed default net type 'wire'("C:\Users\Legion\Desktop\01_sopc\1C102\src\hw\godson_mcu_cpu.v":548)
Undeclared symbol 'apb_reset_n', assumed default net type 'wire'("C:\Users\Legion\Desktop\01_sopc\1C102\src\hw\godson_mcu_cpu.v":550)
Analyzing Verilog file 'C:\Users\Legion\Desktop\01_sopc\1C102\src\hw\godson_mcu_top.v'
Undeclared symbol 'pps_led', assumed default net type 'wire'("C:\Users\Legion\Desktop\01_sopc\1C102\src\hw\godson_mcu_top.v":62)
Undeclared symbol 'PWM01', assumed default net type 'wire'("C:\Users\Legion\Desktop\01_sopc\1C102\src\hw\godson_mcu_top.v":276)
Undeclared symbol 'I2C_SCL', assumed default net type 'wire'("C:\Users\Legion\Desktop\01_sopc\1C102\src\hw\godson_mcu_top.v":354)
Undeclared symbol 'I2C_SDA', assumed default net type 'wire'("C:\Users\Legion\Desktop\01_sopc\1C102\src\hw\godson_mcu_top.v":355)
Undeclared symbol 'SPI_CLK', assumed default net type 'wire'("C:\Users\Legion\Desktop\01_sopc\1C102\src\hw\godson_mcu_top.v":371)
Undeclared symbol 'SPI_MISO', assumed default net type 'wire'("C:\Users\Legion\Desktop\01_sopc\1C102\src\hw\godson_mcu_top.v":372)
Undeclared symbol 'SPI_MOSI', assumed default net type 'wire'("C:\Users\Legion\Desktop\01_sopc\1C102\src\hw\godson_mcu_top.v":373)
Undeclared symbol 'SPI_CSN1', assumed default net type 'wire'("C:\Users\Legion\Desktop\01_sopc\1C102\src\hw\godson_mcu_top.v":374)
Undeclared symbol 'SPI_CSN2', assumed default net type 'wire'("C:\Users\Legion\Desktop\01_sopc\1C102\src\hw\godson_mcu_top.v":375)
Undeclared symbol 'SPI_CSN3', assumed default net type 'wire'("C:\Users\Legion\Desktop\01_sopc\1C102\src\hw\godson_mcu_top.v":376)
Analyzing Verilog file 'C:\Users\Legion\Desktop\01_sopc\1C102\src\hw\godson_rcg_module.v'
Analyzing Verilog file 'C:\Users\Legion\Desktop\01_sopc\1C102\src\hw\hpet\hpet.v'
Analyzing included file 'C:\Users\Legion\Desktop\01_sopc\1C102\src\hw\hpet\..\config.v'("C:\Users\Legion\Desktop\01_sopc\1C102\src\hw\hpet\hpet.v":1)
Back to file 'C:\Users\Legion\Desktop\01_sopc\1C102\src\hw\hpet\hpet.v'("C:\Users\Legion\Desktop\01_sopc\1C102\src\hw\hpet\hpet.v":1)
Analyzing Verilog file 'C:\Users\Legion\Desktop\01_sopc\1C102\src\hw\i2c\i2c_master_bit_ctrl.v'
Analyzing Verilog file 'C:\Users\Legion\Desktop\01_sopc\1C102\src\hw\i2c\i2c_master_byte_ctrl.v'
Analyzing Verilog file 'C:\Users\Legion\Desktop\01_sopc\1C102\src\hw\i2c\i2c_slave_bit_ctrl.v'
Analyzing Verilog file 'C:\Users\Legion\Desktop\01_sopc\1C102\src\hw\i2c\i2c_slave_byte_ctrl.v'
Analyzing Verilog file 'C:\Users\Legion\Desktop\01_sopc\1C102\src\hw\i2c\i2c_top.v'
Analyzing included file 'C:\Users\Legion\Desktop\01_sopc\1C102\src\hw\i2c\..\config.v'("C:\Users\Legion\Desktop\01_sopc\1C102\src\hw\i2c\i2c_top.v":1)
Back to file 'C:\Users\Legion\Desktop\01_sopc\1C102\src\hw\i2c\i2c_top.v'("C:\Users\Legion\Desktop\01_sopc\1C102\src\hw\i2c\i2c_top.v":1)
Analyzing Verilog file 'C:\Users\Legion\Desktop\01_sopc\1C102\src\hw\io_tools.v'
Analyzing Verilog file 'C:\Users\Legion\Desktop\01_sopc\1C102\src\hw\ip_repo\blk_mem_gen_0\blk_mem_gen_0.v'
Analyzing Verilog file 'C:\Users\Legion\Desktop\01_sopc\1C102\src\hw\ip_repo\blk_mem_gen_1\blk_mem_gen_1.v'
Analyzing Verilog file 'C:\Users\Legion\Desktop\01_sopc\1C102\src\hw\ip_repo\gowin_pll\gowin_pll.v'
Analyzing Verilog file 'C:\Users\Legion\Desktop\01_sopc\1C102\src\hw\la132_top_pack\la132_top_gowin.vp'
Analyzing Verilog file 'C:\Users\Legion\Desktop\01_sopc\1C102\src\hw\pwm\pwm.v'
Analyzing included file 'C:\Users\Legion\Desktop\01_sopc\1C102\src\hw\pwm\..\config.v'("C:\Users\Legion\Desktop\01_sopc\1C102\src\hw\pwm\pwm.v":1)
Back to file 'C:\Users\Legion\Desktop\01_sopc\1C102\src\hw\pwm\pwm.v'("C:\Users\Legion\Desktop\01_sopc\1C102\src\hw\pwm\pwm.v":1)
Analyzing Verilog file 'C:\Users\Legion\Desktop\01_sopc\1C102\src\hw\spi\simple_spi_top.v'
Analyzing Verilog file 'C:\Users\Legion\Desktop\01_sopc\1C102\src\hw\spi\spi_fifo4.v'
Analyzing Verilog file 'C:\Users\Legion\Desktop\01_sopc\1C102\src\hw\spi\spi_top.v'
Analyzing included file 'C:\Users\Legion\Desktop\01_sopc\1C102\src\hw\spi\..\config.v'("C:\Users\Legion\Desktop\01_sopc\1C102\src\hw\spi\spi_top.v":1)
Back to file 'C:\Users\Legion\Desktop\01_sopc\1C102\src\hw\spi\spi_top.v'("C:\Users\Legion\Desktop\01_sopc\1C102\src\hw\spi\spi_top.v":1)
Undeclared symbol 'SPI_CSN1_e', assumed default net type 'wire'("C:\Users\Legion\Desktop\01_sopc\1C102\src\hw\spi\spi_top.v":28)
Undeclared symbol 'SPI_CSN2_e', assumed default net type 'wire'("C:\Users\Legion\Desktop\01_sopc\1C102\src\hw\spi\spi_top.v":29)
Undeclared symbol 'SPI_CSN3_e', assumed default net type 'wire'("C:\Users\Legion\Desktop\01_sopc\1C102\src\hw\spi\spi_top.v":30)
Analyzing Verilog file 'C:\Users\Legion\Desktop\01_sopc\1C102\src\hw\uart\baudgen.v'
Analyzing Verilog file 'C:\Users\Legion\Desktop\01_sopc\1C102\src\hw\uart\uart_rfifo.v'
Analyzing Verilog file 'C:\Users\Legion\Desktop\01_sopc\1C102\src\hw\uart\uart_rx.v'
Analyzing Verilog file 'C:\Users\Legion\Desktop\01_sopc\1C102\src\hw\uart\uart_tfifo.v'
Analyzing Verilog file 'C:\Users\Legion\Desktop\01_sopc\1C102\src\hw\uart\uart_top.v'
Undeclared symbol 'uart_ctrl_reg_wr', assumed default net type 'wire'("C:\Users\Legion\Desktop\01_sopc\1C102\src\hw\uart\uart_top.v":61)
Analyzing Verilog file 'C:\Users\Legion\Desktop\01_sopc\1C102\src\hw\uart\uart_tx.v'
Undeclared symbol 'eor_value', assumed default net type 'wire'("C:\Users\Legion\Desktop\01_sopc\1C102\src\hw\uart\uart_tx.v":53)
WARN  (EX3073) : Port 's1_awid' remains unconnected for this instance("C:\Users\Legion\Desktop\01_sopc\1C102\src\hw\godson_mcu_top.v":240)
WARN  (EX3073) : Port 'GPIO34' remains unconnected for this instance("C:\Users\Legion\Desktop\01_sopc\1C102\src\hw\godson_mcu_top.v":261)
Compiling module 'godson_mcu_top'("C:\Users\Legion\Desktop\01_sopc\1C102\src\hw\godson_mcu_top.v":1)
WARN  (EX3791) : Expression size 31 truncated to fit in target size 30("C:\Users\Legion\Desktop\01_sopc\1C102\src\hw\godson_mcu_top.v":52)
WARN  (EX3791) : Expression size 24 truncated to fit in target size 23("C:\Users\Legion\Desktop\01_sopc\1C102\src\hw\godson_mcu_top.v":59)
Compiling module 'Gowin_PLL'("C:\Users\Legion\Desktop\01_sopc\1C102\src\hw\ip_repo\gowin_pll\gowin_pll.v":10)
WARN  (EX3073) : Port 'can_high_freq' remains unconnected for this instance("C:\Users\Legion\Desktop\01_sopc\1C102\src\hw\godson_mcu_cpu.v":388)
Compiling module 'godson_mcu_cpu'("C:\Users\Legion\Desktop\01_sopc\1C102\src\hw\godson_mcu_cpu.v":3)
Compiling module 'Flash_128k'("C:\Users\Legion\Desktop\01_sopc\1C102\src\hw\godson_mcu_cpu.v":697)
Compiling module 'blk_mem_gen_0'("C:\Users\Legion\Desktop\01_sopc\1C102\src\hw\ip_repo\blk_mem_gen_0\blk_mem_gen_0.v":10)
Compiling module 'Dram_8k'("C:\Users\Legion\Desktop\01_sopc\1C102\src\hw\godson_mcu_cpu.v":655)
Compiling module 'blk_mem_gen_1'("C:\Users\Legion\Desktop\01_sopc\1C102\src\hw\ip_repo\blk_mem_gen_1\blk_mem_gen_1.v":10)
Compiling module '**'("C:\Users\Legion\Desktop\01_sopc\1C102\src\hw\la132_top_pack\la132_top_gowin.vp":0)
Compiling module '**'("C:\Users\Legion\Desktop\01_sopc\1C102\src\hw\la132_top_pack\la132_top_gowin.vp":0)
Compiling module '**'("C:\Users\Legion\Desktop\01_sopc\1C102\src\hw\la132_top_pack\la132_top_gowin.vp":0)
Compiling module '**'("C:\Users\Legion\Desktop\01_sopc\1C102\src\hw\la132_top_pack\la132_top_gowin.vp":0)
Compiling module '**'("C:\Users\Legion\Desktop\01_sopc\1C102\src\hw\la132_top_pack\la132_top_gowin.vp":0)
Compiling module '**'("C:\Users\Legion\Desktop\01_sopc\1C102\src\hw\la132_top_pack\la132_top_gowin.vp":0)
Compiling module '**'("C:\Users\Legion\Desktop\01_sopc\1C102\src\hw\la132_top_pack\la132_top_gowin.vp":0)
Compiling module '**'("C:\Users\Legion\Desktop\01_sopc\1C102\src\hw\la132_top_pack\la132_top_gowin.vp":0)
Compiling module '**'("C:\Users\Legion\Desktop\01_sopc\1C102\src\hw\la132_top_pack\la132_top_gowin.vp":0)
Compiling module '**'("C:\Users\Legion\Desktop\01_sopc\1C102\src\hw\la132_top_pack\la132_top_gowin.vp":0)
Compiling module '**'("C:\Users\Legion\Desktop\01_sopc\1C102\src\hw\la132_top_pack\la132_top_gowin.vp":0)
Compiling module '**'("C:\Users\Legion\Desktop\01_sopc\1C102\src\hw\la132_top_pack\la132_top_gowin.vp":0)
Compiling module '**'("C:\Users\Legion\Desktop\01_sopc\1C102\src\hw\la132_top_pack\la132_top_gowin.vp":0)
Compiling module '**'("C:\Users\Legion\Desktop\01_sopc\1C102\src\hw\la132_top_pack\la132_top_gowin.vp":0)
Compiling module '**'("C:\Users\Legion\Desktop\01_sopc\1C102\src\hw\la132_top_pack\la132_top_gowin.vp":0)
Compiling module '**'("C:\Users\Legion\Desktop\01_sopc\1C102\src\hw\la132_top_pack\la132_top_gowin.vp":0)
Compiling module '**'("C:\Users\Legion\Desktop\01_sopc\1C102\src\hw\la132_top_pack\la132_top_gowin.vp":0)
Compiling module '**'("C:\Users\Legion\Desktop\01_sopc\1C102\src\hw\la132_top_pack\la132_top_gowin.vp":0)
Compiling module '**'("C:\Users\Legion\Desktop\01_sopc\1C102\src\hw\la132_top_pack\la132_top_gowin.vp":0)
Compiling module '**'("C:\Users\Legion\Desktop\01_sopc\1C102\src\hw\la132_top_pack\la132_top_gowin.vp":0)
Compiling module '**'("C:\Users\Legion\Desktop\01_sopc\1C102\src\hw\la132_top_pack\la132_top_gowin.vp":0)
Compiling module '**'("C:\Users\Legion\Desktop\01_sopc\1C102\src\hw\la132_top_pack\la132_top_gowin.vp":0)
Compiling module '**'("C:\Users\Legion\Desktop\01_sopc\1C102\src\hw\la132_top_pack\la132_top_gowin.vp":0)
Compiling module '**'("C:\Users\Legion\Desktop\01_sopc\1C102\src\hw\la132_top_pack\la132_top_gowin.vp":0)
Compiling module '**'("C:\Users\Legion\Desktop\01_sopc\1C102\src\hw\la132_top_pack\la132_top_gowin.vp":0)
Compiling module '**'("C:\Users\Legion\Desktop\01_sopc\1C102\src\hw\la132_top_pack\la132_top_gowin.vp":0)
Compiling module '**'("C:\Users\Legion\Desktop\01_sopc\1C102\src\hw\la132_top_pack\la132_top_gowin.vp":0)
Compiling module '**'("C:\Users\Legion\Desktop\01_sopc\1C102\src\hw\la132_top_pack\la132_top_gowin.vp":0)
Compiling module '**'("C:\Users\Legion\Desktop\01_sopc\1C102\src\hw\la132_top_pack\la132_top_gowin.vp":0)
Compiling module '**'("C:\Users\Legion\Desktop\01_sopc\1C102\src\hw\la132_top_pack\la132_top_gowin.vp":0)
Compiling module '**'("C:\Users\Legion\Desktop\01_sopc\1C102\src\hw\la132_top_pack\la132_top_gowin.vp":0)
Compiling module '**'("C:\Users\Legion\Desktop\01_sopc\1C102\src\hw\la132_top_pack\la132_top_gowin.vp":0)
Compiling module '**'("C:\Users\Legion\Desktop\01_sopc\1C102\src\hw\la132_top_pack\la132_top_gowin.vp":0)
Compiling module '**'("C:\Users\Legion\Desktop\01_sopc\1C102\src\hw\la132_top_pack\la132_top_gowin.vp":0)
Compiling module '**'("C:\Users\Legion\Desktop\01_sopc\1C102\src\hw\la132_top_pack\la132_top_gowin.vp":0)
Compiling module '**'("C:\Users\Legion\Desktop\01_sopc\1C102\src\hw\la132_top_pack\la132_top_gowin.vp":0)
Compiling module '**'("C:\Users\Legion\Desktop\01_sopc\1C102\src\hw\la132_top_pack\la132_top_gowin.vp":0)
Compiling module '**'("C:\Users\Legion\Desktop\01_sopc\1C102\src\hw\la132_top_pack\la132_top_gowin.vp":0)
Compiling module '**'("C:\Users\Legion\Desktop\01_sopc\1C102\src\hw\la132_top_pack\la132_top_gowin.vp":0)
Compiling module '**'("C:\Users\Legion\Desktop\01_sopc\1C102\src\hw\la132_top_pack\la132_top_gowin.vp":0)
Compiling module '**'("C:\Users\Legion\Desktop\01_sopc\1C102\src\hw\la132_top_pack\la132_top_gowin.vp":0)
Compiling module 'axi_slave_mux_cpu'("C:\Users\Legion\Desktop\01_sopc\1C102\src\hw\amba\axi_mux.v":23)
Compiling module 'nb_sync_fifo_mux'("C:\Users\Legion\Desktop\01_sopc\1C102\src\hw\amba\axi_mux.v":1981)
Extracting RAM for identifier 'fifo_ram'("C:\Users\Legion\Desktop\01_sopc\1C102\src\hw\amba\axi_mux.v":2010)
Compiling module 'axi2apb_bridge'("C:\Users\Legion\Desktop\01_sopc\1C102\src\hw\amba\axi2apb.v":12)
Compiling module 'apb_mux9'("C:\Users\Legion\Desktop\01_sopc\1C102\src\hw\amba\apb_mux9.v":3)
WARN  (EX2565) : Input 'dcc_ram_tagv_resp_bus[0]' on this instance is undriven. Assigning to 0, simulation mismatch possible. Please assign the input or remove the declaration("C:\Users\Legion\Desktop\01_sopc\1C102\src\hw\godson_mcu_cpu.v":388)
WARN  (EX2565) : Input 'dcc_ram_data_resp_bus[0]' on this instance is undriven. Assigning to 0, simulation mismatch possible. Please assign the input or remove the declaration("C:\Users\Legion\Desktop\01_sopc\1C102\src\hw\godson_mcu_cpu.v":388)
WARN  (EX2565) : Input 'dcc_ram_lrud_resp_bus[0]' on this instance is undriven. Assigning to 0, simulation mismatch possible. Please assign the input or remove the declaration("C:\Users\Legion\Desktop\01_sopc\1C102\src\hw\godson_mcu_cpu.v":388)
WARN  (EX2565) : Input 'icc_ram_tagv_resp_bus[0]' on this instance is undriven. Assigning to 0, simulation mismatch possible. Please assign the input or remove the declaration("C:\Users\Legion\Desktop\01_sopc\1C102\src\hw\godson_mcu_cpu.v":388)
WARN  (EX2565) : Input 'icc_ram_data_resp_bus[0]' on this instance is undriven. Assigning to 0, simulation mismatch possible. Please assign the input or remove the declaration("C:\Users\Legion\Desktop\01_sopc\1C102\src\hw\godson_mcu_cpu.v":388)
WARN  (EX2565) : Input 'icc_ram_lrud_resp_bus[0]' on this instance is undriven. Assigning to 0, simulation mismatch possible. Please assign the input or remove the declaration("C:\Users\Legion\Desktop\01_sopc\1C102\src\hw\godson_mcu_cpu.v":388)
WARN  (EX3670) : Actual bit length 1 differs from formal bit length 32 for port 'apb2_paddr'("C:\Users\Legion\Desktop\01_sopc\1C102\src\hw\godson_mcu_top.v":185)
WARN  (EX3670) : Actual bit length 32 differs from formal bit length 1 for port 'apb2_pwrite'("C:\Users\Legion\Desktop\01_sopc\1C102\src\hw\godson_mcu_top.v":186)
WARN  (EX3670) : Actual bit length 1 differs from formal bit length 32 for port 'apb3_paddr'("C:\Users\Legion\Desktop\01_sopc\1C102\src\hw\godson_mcu_top.v":193)
WARN  (EX3670) : Actual bit length 20 differs from formal bit length 1 for port 'apb3_pwrite'("C:\Users\Legion\Desktop\01_sopc\1C102\src\hw\godson_mcu_top.v":194)
WARN  (EX3670) : Actual bit length 8 differs from formal bit length 32 for port 'apb3_pwdata'("C:\Users\Legion\Desktop\01_sopc\1C102\src\hw\godson_mcu_top.v":196)
WARN  (EX3670) : Actual bit length 8 differs from formal bit length 32 for port 'apb3_prdata'("C:\Users\Legion\Desktop\01_sopc\1C102\src\hw\godson_mcu_top.v":197)
WARN  (EX3670) : Actual bit length 1 differs from formal bit length 32 for port 'apb4_paddr'("C:\Users\Legion\Desktop\01_sopc\1C102\src\hw\godson_mcu_top.v":201)
WARN  (EX3670) : Actual bit length 32 differs from formal bit length 1 for port 'apb4_pwrite'("C:\Users\Legion\Desktop\01_sopc\1C102\src\hw\godson_mcu_top.v":202)
WARN  (EX3670) : Actual bit length 1 differs from formal bit length 32 for port 'apb5_paddr'("C:\Users\Legion\Desktop\01_sopc\1C102\src\hw\godson_mcu_top.v":209)
WARN  (EX3670) : Actual bit length 32 differs from formal bit length 1 for port 'apb5_pwrite'("C:\Users\Legion\Desktop\01_sopc\1C102\src\hw\godson_mcu_top.v":210)
WARN  (EX3670) : Actual bit length 8 differs from formal bit length 32 for port 'apb5_pwdata'("C:\Users\Legion\Desktop\01_sopc\1C102\src\hw\godson_mcu_top.v":212)
WARN  (EX3670) : Actual bit length 8 differs from formal bit length 32 for port 'apb5_prdata'("C:\Users\Legion\Desktop\01_sopc\1C102\src\hw\godson_mcu_top.v":213)
WARN  (EX3670) : Actual bit length 1 differs from formal bit length 32 for port 'apb6_paddr'("C:\Users\Legion\Desktop\01_sopc\1C102\src\hw\godson_mcu_top.v":217)
WARN  (EX3670) : Actual bit length 4 differs from formal bit length 1 for port 'apb6_pwrite'("C:\Users\Legion\Desktop\01_sopc\1C102\src\hw\godson_mcu_top.v":218)
WARN  (EX3670) : Actual bit length 8 differs from formal bit length 32 for port 'apb6_pwdata'("C:\Users\Legion\Desktop\01_sopc\1C102\src\hw\godson_mcu_top.v":220)
WARN  (EX3670) : Actual bit length 8 differs from formal bit length 32 for port 'apb6_prdata'("C:\Users\Legion\Desktop\01_sopc\1C102\src\hw\godson_mcu_top.v":221)
Compiling module 'apb_gpio'("C:\Users\Legion\Desktop\01_sopc\1C102\src\hw\apb_gpio.v":1)
WARN  (EX2420) : Latch inferred for net 'rdata[31]'; We do not recommend the use of latches in FPGA designs, as they may lead to timing problems("C:\Users\Legion\Desktop\01_sopc\1C102\src\hw\apb_gpio.v":83)
Compiling module 'GPIO_IOBUF'("C:\Users\Legion\Desktop\01_sopc\1C102\src\hw\io_tools.v":1)
WARN  (EX1998) : Net 'gpioa_i[31]' does not have a driver("C:\Users\Legion\Desktop\01_sopc\1C102\src\hw\apb_gpio.v":57)
WARN  (EX1998) : Net 'gpiob_i[31]' does not have a driver("C:\Users\Legion\Desktop\01_sopc\1C102\src\hw\apb_gpio.v":60)
Compiling module 'apb_pwm'("C:\Users\Legion\Desktop\01_sopc\1C102\src\hw\pwm\pwm.v":3)
WARN  (EX2420) : Latch inferred for net 'rdata[31]'; We do not recommend the use of latches in FPGA designs, as they may lead to timing problems("C:\Users\Legion\Desktop\01_sopc\1C102\src\hw\pwm\pwm.v":100)
Compiling module 'HPET_TOP'("C:\Users\Legion\Desktop\01_sopc\1C102\src\hw\hpet\hpet.v":3)
WARN  (EX2420) : Latch inferred for net 'rdata[31]'; We do not recommend the use of latches in FPGA designs, as they may lead to timing problems("C:\Users\Legion\Desktop\01_sopc\1C102\src\hw\hpet\hpet.v":75)
Compiling module 'CONFREG'("C:\Users\Legion\Desktop\01_sopc\1C102\src\hw\confreg\confreg.v":3)
Compiling module 'one_int_gen'("C:\Users\Legion\Desktop\01_sopc\1C102\src\hw\confreg\confreg.v":97)
Compiling module 'UART_TOP'("C:\Users\Legion\Desktop\01_sopc\1C102\src\hw\uart\uart_top.v":1)
Compiling module 'BAUDGEN'("C:\Users\Legion\Desktop\01_sopc\1C102\src\hw\uart\baudgen.v":1)
WARN  (EX3791) : Expression size 23 truncated to fit in target size 22("C:\Users\Legion\Desktop\01_sopc\1C102\src\hw\uart\baudgen.v":50)
Compiling module 'UART_TFIFO(AWIDTH=4)'("C:\Users\Legion\Desktop\01_sopc\1C102\src\hw\uart\uart_tfifo.v":1)
Extracting RAM for identifier 'array_reg'("C:\Users\Legion\Desktop\01_sopc\1C102\src\hw\uart\uart_tfifo.v":16)
WARN  (EX3791) : Expression size 5 truncated to fit in target size 4("C:\Users\Legion\Desktop\01_sopc\1C102\src\hw\uart\uart_tfifo.v":92)
WARN  (EX3791) : Expression size 5 truncated to fit in target size 4("C:\Users\Legion\Desktop\01_sopc\1C102\src\hw\uart\uart_tfifo.v":93)
Compiling module 'UART_RFIFO(AWIDTH=4)'("C:\Users\Legion\Desktop\01_sopc\1C102\src\hw\uart\uart_rfifo.v":1)
Extracting RAM for identifier 'array_reg'("C:\Users\Legion\Desktop\01_sopc\1C102\src\hw\uart\uart_rfifo.v":16)
WARN  (EX3791) : Expression size 5 truncated to fit in target size 4("C:\Users\Legion\Desktop\01_sopc\1C102\src\hw\uart\uart_rfifo.v":64)
WARN  (EX3791) : Expression size 5 truncated to fit in target size 4("C:\Users\Legion\Desktop\01_sopc\1C102\src\hw\uart\uart_rfifo.v":65)
Compiling module 'UART_RX'("C:\Users\Legion\Desktop\01_sopc\1C102\src\hw\uart\uart_rx.v":1)
WARN  (EX3791) : Expression size 5 truncated to fit in target size 4("C:\Users\Legion\Desktop\01_sopc\1C102\src\hw\uart\uart_rx.v":88)
WARN  (EX3791) : Expression size 5 truncated to fit in target size 4("C:\Users\Legion\Desktop\01_sopc\1C102\src\hw\uart\uart_rx.v":117)
Compiling module 'UART_TX'("C:\Users\Legion\Desktop\01_sopc\1C102\src\hw\uart\uart_tx.v":1)
WARN  (EX3791) : Expression size 5 truncated to fit in target size 4("C:\Users\Legion\Desktop\01_sopc\1C102\src\hw\uart\uart_tx.v":107)
WARN  (EX3791) : Expression size 4 truncated to fit in target size 3("C:\Users\Legion\Desktop\01_sopc\1C102\src\hw\uart\uart_tx.v":121)
WARN  (EX3791) : Expression size 5 truncated to fit in target size 4("C:\Users\Legion\Desktop\01_sopc\1C102\src\hw\uart\uart_tx.v":124)
WARN  (EX3791) : Expression size 5 truncated to fit in target size 4("C:\Users\Legion\Desktop\01_sopc\1C102\src\hw\uart\uart_tx.v":137)
Compiling module 'I2C_TOP'("C:\Users\Legion\Desktop\01_sopc\1C102\src\hw\i2c\i2c_top.v":3)
Compiling module 'I2C_IOBUF'("C:\Users\Legion\Desktop\01_sopc\1C102\src\hw\io_tools.v":14)
Compiling module 'i2c_master_byte_ctrl'("C:\Users\Legion\Desktop\01_sopc\1C102\src\hw\i2c\i2c_master_byte_ctrl.v":1)
Compiling module 'i2c_master_bit_ctrl'("C:\Users\Legion\Desktop\01_sopc\1C102\src\hw\i2c\i2c_master_bit_ctrl.v":45)
Compiling module 'i2c_sync_module'("C:\Users\Legion\Desktop\01_sopc\1C102\src\hw\i2c\i2c_top.v":274)
WARN  (EX1998) : Net 'rxr_slave[7]' does not have a driver("C:\Users\Legion\Desktop\01_sopc\1C102\src\hw\i2c\i2c_top.v":38)
WARN  (EX1998) : Net 'done_slave' does not have a driver("C:\Users\Legion\Desktop\01_sopc\1C102\src\hw\i2c\i2c_top.v":46)
WARN  (EX1998) : Net 'slave_addressed' does not have a driver("C:\Users\Legion\Desktop\01_sopc\1C102\src\hw\i2c\i2c_top.v":48)
WARN  (EX1998) : Net 'slave_rw' does not have a driver("C:\Users\Legion\Desktop\01_sopc\1C102\src\hw\i2c\i2c_top.v":49)
WARN  (EX1998) : Net 'irxack_slave' does not have a driver("C:\Users\Legion\Desktop\01_sopc\1C102\src\hw\i2c\i2c_top.v":61)
WARN  (EX1998) : Net 'busy_slave' does not have a driver("C:\Users\Legion\Desktop\01_sopc\1C102\src\hw\i2c\i2c_top.v":66)
WARN  (EX1998) : Net 'sda_oen_slave' does not have a driver("C:\Users\Legion\Desktop\01_sopc\1C102\src\hw\i2c\i2c_top.v":73)
WARN  (EX1998) : Net 'scl_oen_slave' does not have a driver("C:\Users\Legion\Desktop\01_sopc\1C102\src\hw\i2c\i2c_top.v":75)
Compiling module 'SPI_TOP'("C:\Users\Legion\Desktop\01_sopc\1C102\src\hw\spi\spi_top.v":3)
Compiling module 'spi_fifo4'("C:\Users\Legion\Desktop\01_sopc\1C102\src\hw\spi\spi_fifo4.v":3)
Extracting RAM for identifier 'mem'("C:\Users\Legion\Desktop\01_sopc\1C102\src\hw\spi\spi_fifo4.v":30)
WARN  (EX1998) : Net 'uart0_int' does not have a driver("C:\Users\Legion\Desktop\01_sopc\1C102\src\hw\godson_mcu_top.v":120)
WARN  (EX1998) : Net 'flash_int' does not have a driver("C:\Users\Legion\Desktop\01_sopc\1C102\src\hw\godson_mcu_top.v":121)
WARN  (EX1998) : Net 'vpwm_int' does not have a driver("C:\Users\Legion\Desktop\01_sopc\1C102\src\hw\godson_mcu_top.v":123)
WARN  (EX1998) : Net 'dma_int' does not have a driver("C:\Users\Legion\Desktop\01_sopc\1C102\src\hw\godson_mcu_top.v":124)
WARN  (EX1998) : Net 'SPI_MISO' does not have a driver("C:\Users\Legion\Desktop\01_sopc\1C102\src\hw\godson_mcu_top.v":372)
WARN  (EX2565) : Input 'apb7_prdata[31]' on this instance is undriven. Assigning to 0, simulation mismatch possible. Please assign the input or remove the declaration("C:\Users\Legion\Desktop\01_sopc\1C102\src\hw\godson_mcu_top.v":240)
WARN  (EX2565) : Input 'apb7_prdata[30]' on this instance is undriven. Assigning to 0, simulation mismatch possible. Please assign the input or remove the declaration("C:\Users\Legion\Desktop\01_sopc\1C102\src\hw\godson_mcu_top.v":240)
WARN  (EX2565) : Input 'apb7_prdata[29]' on this instance is undriven. Assigning to 0, simulation mismatch possible. Please assign the input or remove the declaration("C:\Users\Legion\Desktop\01_sopc\1C102\src\hw\godson_mcu_top.v":240)
WARN  (EX2565) : Input 'apb7_prdata[28]' on this instance is undriven. Assigning to 0, simulation mismatch possible. Please assign the input or remove the declaration("C:\Users\Legion\Desktop\01_sopc\1C102\src\hw\godson_mcu_top.v":240)
WARN  (EX2565) : Input 'apb7_prdata[27]' on this instance is undriven. Assigning to 0, simulation mismatch possible. Please assign the input or remove the declaration("C:\Users\Legion\Desktop\01_sopc\1C102\src\hw\godson_mcu_top.v":240)
WARN  (EX2565) : Input 'apb7_prdata[26]' on this instance is undriven. Assigning to 0, simulation mismatch possible. Please assign the input or remove the declaration("C:\Users\Legion\Desktop\01_sopc\1C102\src\hw\godson_mcu_top.v":240)
WARN  (EX2565) : Input 'apb7_prdata[25]' on this instance is undriven. Assigning to 0, simulation mismatch possible. Please assign the input or remove the declaration("C:\Users\Legion\Desktop\01_sopc\1C102\src\hw\godson_mcu_top.v":240)
WARN  (EX2565) : Input 'apb7_prdata[24]' on this instance is undriven. Assigning to 0, simulation mismatch possible. Please assign the input or remove the declaration("C:\Users\Legion\Desktop\01_sopc\1C102\src\hw\godson_mcu_top.v":240)
WARN  (EX2565) : Input 'apb7_prdata[23]' on this instance is undriven. Assigning to 0, simulation mismatch possible. Please assign the input or remove the declaration("C:\Users\Legion\Desktop\01_sopc\1C102\src\hw\godson_mcu_top.v":240)
WARN  (EX2565) : Input 'apb7_prdata[22]' on this instance is undriven. Assigning to 0, simulation mismatch possible. Please assign the input or remove the declaration("C:\Users\Legion\Desktop\01_sopc\1C102\src\hw\godson_mcu_top.v":240)
WARN  (EX2565) : Input 'apb7_prdata[21]' on this instance is undriven. Assigning to 0, simulation mismatch possible. Please assign the input or remove the declaration("C:\Users\Legion\Desktop\01_sopc\1C102\src\hw\godson_mcu_top.v":240)
WARN  (EX2565) : Input 'apb7_prdata[20]' on this instance is undriven. Assigning to 0, simulation mismatch possible. Please assign the input or remove the declaration("C:\Users\Legion\Desktop\01_sopc\1C102\src\hw\godson_mcu_top.v":240)
WARN  (EX2565) : Input 'apb7_prdata[19]' on this instance is undriven. Assigning to 0, simulation mismatch possible. Please assign the input or remove the declaration("C:\Users\Legion\Desktop\01_sopc\1C102\src\hw\godson_mcu_top.v":240)
WARN  (EX2565) : Input 'apb7_prdata[18]' on this instance is undriven. Assigning to 0, simulation mismatch possible. Please assign the input or remove the declaration("C:\Users\Legion\Desktop\01_sopc\1C102\src\hw\godson_mcu_top.v":240)
WARN  (EX2565) : Input 'apb7_prdata[17]' on this instance is undriven. Assigning to 0, simulation mismatch possible. Please assign the input or remove the declaration("C:\Users\Legion\Desktop\01_sopc\1C102\src\hw\godson_mcu_top.v":240)
WARN  (EX2565) : Input 'apb7_prdata[16]' on this instance is undriven. Assigning to 0, simulation mismatch possible. Please assign the input or remove the declaration("C:\Users\Legion\Desktop\01_sopc\1C102\src\hw\godson_mcu_top.v":240)
WARN  (EX2565) : Input 'apb7_prdata[15]' on this instance is undriven. Assigning to 0, simulation mismatch possible. Please assign the input or remove the declaration("C:\Users\Legion\Desktop\01_sopc\1C102\src\hw\godson_mcu_top.v":240)
WARN  (EX2565) : Input 'apb7_prdata[14]' on this instance is undriven. Assigning to 0, simulation mismatch possible. Please assign the input or remove the declaration("C:\Users\Legion\Desktop\01_sopc\1C102\src\hw\godson_mcu_top.v":240)
WARN  (EX2565) : Input 'apb7_prdata[13]' on this instance is undriven. Assigning to 0, simulation mismatch possible. Please assign the input or remove the declaration("C:\Users\Legion\Desktop\01_sopc\1C102\src\hw\godson_mcu_top.v":240)
WARN  (EX2565) : Input 'apb7_prdata[12]' on this instance is undriven. Assigning to 0, simulation mismatch possible. Please assign the input or remove the declaration("C:\Users\Legion\Desktop\01_sopc\1C102\src\hw\godson_mcu_top.v":240)
WARN  (EX2565) : Input 'apb7_prdata[11]' on this instance is undriven. Assigning to 0, simulation mismatch possible. Please assign the input or remove the declaration("C:\Users\Legion\Desktop\01_sopc\1C102\src\hw\godson_mcu_top.v":240)
WARN  (EX2565) : Input 'apb7_prdata[10]' on this instance is undriven. Assigning to 0, simulation mismatch possible. Please assign the input or remove the declaration("C:\Users\Legion\Desktop\01_sopc\1C102\src\hw\godson_mcu_top.v":240)
WARN  (EX2565) : Input 'apb7_prdata[9]' on this instance is undriven. Assigning to 0, simulation mismatch possible. Please assign the input or remove the declaration("C:\Users\Legion\Desktop\01_sopc\1C102\src\hw\godson_mcu_top.v":240)
WARN  (EX2565) : Input 'apb7_prdata[8]' on this instance is undriven. Assigning to 0, simulation mismatch possible. Please assign the input or remove the declaration("C:\Users\Legion\Desktop\01_sopc\1C102\src\hw\godson_mcu_top.v":240)
WARN  (EX2565) : Input 'apb7_prdata[7]' on this instance is undriven. Assigning to 0, simulation mismatch possible. Please assign the input or remove the declaration("C:\Users\Legion\Desktop\01_sopc\1C102\src\hw\godson_mcu_top.v":240)
WARN  (EX2565) : Input 'apb7_prdata[6]' on this instance is undriven. Assigning to 0, simulation mismatch possible. Please assign the input or remove the declaration("C:\Users\Legion\Desktop\01_sopc\1C102\src\hw\godson_mcu_top.v":240)
WARN  (EX2565) : Input 'apb7_prdata[5]' on this instance is undriven. Assigning to 0, simulation mismatch possible. Please assign the input or remove the declaration("C:\Users\Legion\Desktop\01_sopc\1C102\src\hw\godson_mcu_top.v":240)
WARN  (EX2565) : Input 'apb7_prdata[4]' on this instance is undriven. Assigning to 0, simulation mismatch possible. Please assign the input or remove the declaration("C:\Users\Legion\Desktop\01_sopc\1C102\src\hw\godson_mcu_top.v":240)
WARN  (EX2565) : Input 'apb7_prdata[3]' on this instance is undriven. Assigning to 0, simulation mismatch possible. Please assign the input or remove the declaration("C:\Users\Legion\Desktop\01_sopc\1C102\src\hw\godson_mcu_top.v":240)
WARN  (EX2565) : Input 'apb7_prdata[2]' on this instance is undriven. Assigning to 0, simulation mismatch possible. Please assign the input or remove the declaration("C:\Users\Legion\Desktop\01_sopc\1C102\src\hw\godson_mcu_top.v":240)
WARN  (EX2565) : Input 'apb7_prdata[1]' on this instance is undriven. Assigning to 0, simulation mismatch possible. Please assign the input or remove the declaration("C:\Users\Legion\Desktop\01_sopc\1C102\src\hw\godson_mcu_top.v":240)
WARN  (EX2565) : Input 'apb7_prdata[0]' on this instance is undriven. Assigning to 0, simulation mismatch possible. Please assign the input or remove the declaration("C:\Users\Legion\Desktop\01_sopc\1C102\src\hw\godson_mcu_top.v":240)
WARN  (EX2565) : Input 'apb7_ack' on this instance is undriven. Assigning to 0, simulation mismatch possible. Please assign the input or remove the declaration("C:\Users\Legion\Desktop\01_sopc\1C102\src\hw\godson_mcu_top.v":240)
WARN  (EX2565) : Input 'apb8_prdata[31]' on this instance is undriven. Assigning to 0, simulation mismatch possible. Please assign the input or remove the declaration("C:\Users\Legion\Desktop\01_sopc\1C102\src\hw\godson_mcu_top.v":240)
WARN  (EX2565) : Input 'apb8_prdata[30]' on this instance is undriven. Assigning to 0, simulation mismatch possible. Please assign the input or remove the declaration("C:\Users\Legion\Desktop\01_sopc\1C102\src\hw\godson_mcu_top.v":240)
WARN  (EX2565) : Input 'apb8_prdata[29]' on this instance is undriven. Assigning to 0, simulation mismatch possible. Please assign the input or remove the declaration("C:\Users\Legion\Desktop\01_sopc\1C102\src\hw\godson_mcu_top.v":240)
WARN  (EX2565) : Input 'apb8_prdata[28]' on this instance is undriven. Assigning to 0, simulation mismatch possible. Please assign the input or remove the declaration("C:\Users\Legion\Desktop\01_sopc\1C102\src\hw\godson_mcu_top.v":240)
WARN  (EX2565) : Input 'apb8_prdata[27]' on this instance is undriven. Assigning to 0, simulation mismatch possible. Please assign the input or remove the declaration("C:\Users\Legion\Desktop\01_sopc\1C102\src\hw\godson_mcu_top.v":240)
WARN  (EX2565) : Input 'apb8_prdata[26]' on this instance is undriven. Assigning to 0, simulation mismatch possible. Please assign the input or remove the declaration("C:\Users\Legion\Desktop\01_sopc\1C102\src\hw\godson_mcu_top.v":240)
WARN  (EX2565) : Input 'apb8_prdata[25]' on this instance is undriven. Assigning to 0, simulation mismatch possible. Please assign the input or remove the declaration("C:\Users\Legion\Desktop\01_sopc\1C102\src\hw\godson_mcu_top.v":240)
WARN  (EX2565) : Input 'apb8_prdata[24]' on this instance is undriven. Assigning to 0, simulation mismatch possible. Please assign the input or remove the declaration("C:\Users\Legion\Desktop\01_sopc\1C102\src\hw\godson_mcu_top.v":240)
WARN  (EX2565) : Input 'apb8_prdata[23]' on this instance is undriven. Assigning to 0, simulation mismatch possible. Please assign the input or remove the declaration("C:\Users\Legion\Desktop\01_sopc\1C102\src\hw\godson_mcu_top.v":240)
WARN  (EX2565) : Input 'apb8_prdata[22]' on this instance is undriven. Assigning to 0, simulation mismatch possible. Please assign the input or remove the declaration("C:\Users\Legion\Desktop\01_sopc\1C102\src\hw\godson_mcu_top.v":240)
WARN  (EX2565) : Input 'apb8_prdata[21]' on this instance is undriven. Assigning to 0, simulation mismatch possible. Please assign the input or remove the declaration("C:\Users\Legion\Desktop\01_sopc\1C102\src\hw\godson_mcu_top.v":240)
WARN  (EX2565) : Input 'apb8_prdata[20]' on this instance is undriven. Assigning to 0, simulation mismatch possible. Please assign the input or remove the declaration("C:\Users\Legion\Desktop\01_sopc\1C102\src\hw\godson_mcu_top.v":240)
WARN  (EX2565) : Input 'apb8_prdata[19]' on this instance is undriven. Assigning to 0, simulation mismatch possible. Please assign the input or remove the declaration("C:\Users\Legion\Desktop\01_sopc\1C102\src\hw\godson_mcu_top.v":240)
WARN  (EX2565) : Input 'apb8_prdata[18]' on this instance is undriven. Assigning to 0, simulation mismatch possible. Please assign the input or remove the declaration("C:\Users\Legion\Desktop\01_sopc\1C102\src\hw\godson_mcu_top.v":240)
WARN  (EX2565) : Input 'apb8_prdata[17]' on this instance is undriven. Assigning to 0, simulation mismatch possible. Please assign the input or remove the declaration("C:\Users\Legion\Desktop\01_sopc\1C102\src\hw\godson_mcu_top.v":240)
WARN  (EX2565) : Input 'apb8_prdata[16]' on this instance is undriven. Assigning to 0, simulation mismatch possible. Please assign the input or remove the declaration("C:\Users\Legion\Desktop\01_sopc\1C102\src\hw\godson_mcu_top.v":240)
WARN  (EX2565) : Input 'apb8_prdata[15]' on this instance is undriven. Assigning to 0, simulation mismatch possible. Please assign the input or remove the declaration("C:\Users\Legion\Desktop\01_sopc\1C102\src\hw\godson_mcu_top.v":240)
WARN  (EX2565) : Input 'apb8_prdata[14]' on this instance is undriven. Assigning to 0, simulation mismatch possible. Please assign the input or remove the declaration("C:\Users\Legion\Desktop\01_sopc\1C102\src\hw\godson_mcu_top.v":240)
WARN  (EX2565) : Input 'apb8_prdata[13]' on this instance is undriven. Assigning to 0, simulation mismatch possible. Please assign the input or remove the declaration("C:\Users\Legion\Desktop\01_sopc\1C102\src\hw\godson_mcu_top.v":240)
WARN  (EX2565) : Input 'apb8_prdata[12]' on this instance is undriven. Assigning to 0, simulation mismatch possible. Please assign the input or remove the declaration("C:\Users\Legion\Desktop\01_sopc\1C102\src\hw\godson_mcu_top.v":240)
WARN  (EX2565) : Input 'apb8_prdata[11]' on this instance is undriven. Assigning to 0, simulation mismatch possible. Please assign the input or remove the declaration("C:\Users\Legion\Desktop\01_sopc\1C102\src\hw\godson_mcu_top.v":240)
WARN  (EX2565) : Input 'apb8_prdata[10]' on this instance is undriven. Assigning to 0, simulation mismatch possible. Please assign the input or remove the declaration("C:\Users\Legion\Desktop\01_sopc\1C102\src\hw\godson_mcu_top.v":240)
WARN  (EX2565) : Input 'apb8_prdata[9]' on this instance is undriven. Assigning to 0, simulation mismatch possible. Please assign the input or remove the declaration("C:\Users\Legion\Desktop\01_sopc\1C102\src\hw\godson_mcu_top.v":240)
WARN  (EX2565) : Input 'apb8_prdata[8]' on this instance is undriven. Assigning to 0, simulation mismatch possible. Please assign the input or remove the declaration("C:\Users\Legion\Desktop\01_sopc\1C102\src\hw\godson_mcu_top.v":240)
WARN  (EX2565) : Input 'apb8_prdata[7]' on this instance is undriven. Assigning to 0, simulation mismatch possible. Please assign the input or remove the declaration("C:\Users\Legion\Desktop\01_sopc\1C102\src\hw\godson_mcu_top.v":240)
WARN  (EX2565) : Input 'apb8_prdata[6]' on this instance is undriven. Assigning to 0, simulation mismatch possible. Please assign the input or remove the declaration("C:\Users\Legion\Desktop\01_sopc\1C102\src\hw\godson_mcu_top.v":240)
WARN  (EX2565) : Input 'apb8_prdata[5]' on this instance is undriven. Assigning to 0, simulation mismatch possible. Please assign the input or remove the declaration("C:\Users\Legion\Desktop\01_sopc\1C102\src\hw\godson_mcu_top.v":240)
WARN  (EX2565) : Input 'apb8_prdata[4]' on this instance is undriven. Assigning to 0, simulation mismatch possible. Please assign the input or remove the declaration("C:\Users\Legion\Desktop\01_sopc\1C102\src\hw\godson_mcu_top.v":240)
WARN  (EX2565) : Input 'apb8_prdata[3]' on this instance is undriven. Assigning to 0, simulation mismatch possible. Please assign the input or remove the declaration("C:\Users\Legion\Desktop\01_sopc\1C102\src\hw\godson_mcu_top.v":240)
WARN  (EX2565) : Input 'apb8_prdata[2]' on this instance is undriven. Assigning to 0, simulation mismatch possible. Please assign the input or remove the declaration("C:\Users\Legion\Desktop\01_sopc\1C102\src\hw\godson_mcu_top.v":240)
WARN  (EX2565) : Input 'apb8_prdata[1]' on this instance is undriven. Assigning to 0, simulation mismatch possible. Please assign the input or remove the declaration("C:\Users\Legion\Desktop\01_sopc\1C102\src\hw\godson_mcu_top.v":240)
WARN  (EX2565) : Input 'apb8_prdata[0]' on this instance is undriven. Assigning to 0, simulation mismatch possible. Please assign the input or remove the declaration("C:\Users\Legion\Desktop\01_sopc\1C102\src\hw\godson_mcu_top.v":240)
WARN  (EX2565) : Input 'apb8_ack' on this instance is undriven. Assigning to 0, simulation mismatch possible. Please assign the input or remove the declaration("C:\Users\Legion\Desktop\01_sopc\1C102\src\hw\godson_mcu_top.v":240)
WARN  (EX2565) : Input 's1_awready' on this instance is undriven. Assigning to 0, simulation mismatch possible. Please assign the input or remove the declaration("C:\Users\Legion\Desktop\01_sopc\1C102\src\hw\godson_mcu_top.v":240)
WARN  (EX2565) : Input 's1_wready' on this instance is undriven. Assigning to 0, simulation mismatch possible. Please assign the input or remove the declaration("C:\Users\Legion\Desktop\01_sopc\1C102\src\hw\godson_mcu_top.v":240)
WARN  (EX2565) : Input 's1_bid[3]' on this instance is undriven. Assigning to 0, simulation mismatch possible. Please assign the input or remove the declaration("C:\Users\Legion\Desktop\01_sopc\1C102\src\hw\godson_mcu_top.v":240)
WARN  (EX2565) : Input 's1_bid[2]' on this instance is undriven. Assigning to 0, simulation mismatch possible. Please assign the input or remove the declaration("C:\Users\Legion\Desktop\01_sopc\1C102\src\hw\godson_mcu_top.v":240)
WARN  (EX2565) : Input 's1_bid[1]' on this instance is undriven. Assigning to 0, simulation mismatch possible. Please assign the input or remove the declaration("C:\Users\Legion\Desktop\01_sopc\1C102\src\hw\godson_mcu_top.v":240)
WARN  (EX2565) : Input 's1_bid[0]' on this instance is undriven. Assigning to 0, simulation mismatch possible. Please assign the input or remove the declaration("C:\Users\Legion\Desktop\01_sopc\1C102\src\hw\godson_mcu_top.v":240)
WARN  (EX2565) : Input 's1_bresp[1]' on this instance is undriven. Assigning to 0, simulation mismatch possible. Please assign the input or remove the declaration("C:\Users\Legion\Desktop\01_sopc\1C102\src\hw\godson_mcu_top.v":240)
WARN  (EX2565) : Input 's1_bresp[0]' on this instance is undriven. Assigning to 0, simulation mismatch possible. Please assign the input or remove the declaration("C:\Users\Legion\Desktop\01_sopc\1C102\src\hw\godson_mcu_top.v":240)
WARN  (EX2565) : Input 's1_bvalid' on this instance is undriven. Assigning to 0, simulation mismatch possible. Please assign the input or remove the declaration("C:\Users\Legion\Desktop\01_sopc\1C102\src\hw\godson_mcu_top.v":240)
WARN  (EX2565) : Input 's1_arready' on this instance is undriven. Assigning to 0, simulation mismatch possible. Please assign the input or remove the declaration("C:\Users\Legion\Desktop\01_sopc\1C102\src\hw\godson_mcu_top.v":240)
WARN  (EX2565) : Input 's1_rid[3]' on this instance is undriven. Assigning to 0, simulation mismatch possible. Please assign the input or remove the declaration("C:\Users\Legion\Desktop\01_sopc\1C102\src\hw\godson_mcu_top.v":240)
WARN  (EX2565) : Input 's1_rid[2]' on this instance is undriven. Assigning to 0, simulation mismatch possible. Please assign the input or remove the declaration("C:\Users\Legion\Desktop\01_sopc\1C102\src\hw\godson_mcu_top.v":240)
WARN  (EX2565) : Input 's1_rid[1]' on this instance is undriven. Assigning to 0, simulation mismatch possible. Please assign the input or remove the declaration("C:\Users\Legion\Desktop\01_sopc\1C102\src\hw\godson_mcu_top.v":240)
WARN  (EX2565) : Input 's1_rid[0]' on this instance is undriven. Assigning to 0, simulation mismatch possible. Please assign the input or remove the declaration("C:\Users\Legion\Desktop\01_sopc\1C102\src\hw\godson_mcu_top.v":240)
WARN  (EX2565) : Input 's1_rdata[31]' on this instance is undriven. Assigning to 0, simulation mismatch possible. Please assign the input or remove the declaration("C:\Users\Legion\Desktop\01_sopc\1C102\src\hw\godson_mcu_top.v":240)
WARN  (EX2565) : Input 's1_rdata[30]' on this instance is undriven. Assigning to 0, simulation mismatch possible. Please assign the input or remove the declaration("C:\Users\Legion\Desktop\01_sopc\1C102\src\hw\godson_mcu_top.v":240)
WARN  (EX2565) : Input 's1_rdata[29]' on this instance is undriven. Assigning to 0, simulation mismatch possible. Please assign the input or remove the declaration("C:\Users\Legion\Desktop\01_sopc\1C102\src\hw\godson_mcu_top.v":240)
WARN  (EX2565) : Input 's1_rdata[28]' on this instance is undriven. Assigning to 0, simulation mismatch possible. Please assign the input or remove the declaration("C:\Users\Legion\Desktop\01_sopc\1C102\src\hw\godson_mcu_top.v":240)
WARN  (EX2565) : Input 's1_rdata[27]' on this instance is undriven. Assigning to 0, simulation mismatch possible. Please assign the input or remove the declaration("C:\Users\Legion\Desktop\01_sopc\1C102\src\hw\godson_mcu_top.v":240)
WARN  (EX2565) : Input 's1_rdata[26]' on this instance is undriven. Assigning to 0, simulation mismatch possible. Please assign the input or remove the declaration("C:\Users\Legion\Desktop\01_sopc\1C102\src\hw\godson_mcu_top.v":240)
WARN  (EX2565) : Input 's1_rdata[25]' on this instance is undriven. Assigning to 0, simulation mismatch possible. Please assign the input or remove the declaration("C:\Users\Legion\Desktop\01_sopc\1C102\src\hw\godson_mcu_top.v":240)
WARN  (EX2565) : Input 's1_rdata[24]' on this instance is undriven. Assigning to 0, simulation mismatch possible. Please assign the input or remove the declaration("C:\Users\Legion\Desktop\01_sopc\1C102\src\hw\godson_mcu_top.v":240)
WARN  (EX2565) : Input 's1_rdata[23]' on this instance is undriven. Assigning to 0, simulation mismatch possible. Please assign the input or remove the declaration("C:\Users\Legion\Desktop\01_sopc\1C102\src\hw\godson_mcu_top.v":240)
WARN  (EX2565) : Input 's1_rdata[22]' on this instance is undriven. Assigning to 0, simulation mismatch possible. Please assign the input or remove the declaration("C:\Users\Legion\Desktop\01_sopc\1C102\src\hw\godson_mcu_top.v":240)
WARN  (EX2565) : Input 's1_rdata[21]' on this instance is undriven. Assigning to 0, simulation mismatch possible. Please assign the input or remove the declaration("C:\Users\Legion\Desktop\01_sopc\1C102\src\hw\godson_mcu_top.v":240)
WARN  (EX2565) : Input 's1_rdata[20]' on this instance is undriven. Assigning to 0, simulation mismatch possible. Please assign the input or remove the declaration("C:\Users\Legion\Desktop\01_sopc\1C102\src\hw\godson_mcu_top.v":240)
WARN  (EX2565) : Input 's1_rdata[19]' on this instance is undriven. Assigning to 0, simulation mismatch possible. Please assign the input or remove the declaration("C:\Users\Legion\Desktop\01_sopc\1C102\src\hw\godson_mcu_top.v":240)
WARN  (EX2565) : Input 's1_rdata[18]' on this instance is undriven. Assigning to 0, simulation mismatch possible. Please assign the input or remove the declaration("C:\Users\Legion\Desktop\01_sopc\1C102\src\hw\godson_mcu_top.v":240)
WARN  (EX2565) : Input 's1_rdata[17]' on this instance is undriven. Assigning to 0, simulation mismatch possible. Please assign the input or remove the declaration("C:\Users\Legion\Desktop\01_sopc\1C102\src\hw\godson_mcu_top.v":240)
WARN  (EX2565) : Input 's1_rdata[16]' on this instance is undriven. Assigning to 0, simulation mismatch possible. Please assign the input or remove the declaration("C:\Users\Legion\Desktop\01_sopc\1C102\src\hw\godson_mcu_top.v":240)
WARN  (EX2565) : Input 's1_rdata[15]' on this instance is undriven. Assigning to 0, simulation mismatch possible. Please assign the input or remove the declaration("C:\Users\Legion\Desktop\01_sopc\1C102\src\hw\godson_mcu_top.v":240)
WARN  (EX2565) : Input 's1_rdata[14]' on this instance is undriven. Assigning to 0, simulation mismatch possible. Please assign the input or remove the declaration("C:\Users\Legion\Desktop\01_sopc\1C102\src\hw\godson_mcu_top.v":240)
WARN  (EX2565) : Input 's1_rdata[13]' on this instance is undriven. Assigning to 0, simulation mismatch possible. Please assign the input or remove the declaration("C:\Users\Legion\Desktop\01_sopc\1C102\src\hw\godson_mcu_top.v":240)
WARN  (EX2565) : Input 's1_rdata[12]' on this instance is undriven. Assigning to 0, simulation mismatch possible. Please assign the input or remove the declaration("C:\Users\Legion\Desktop\01_sopc\1C102\src\hw\godson_mcu_top.v":240)
WARN  (EX2565) : Input 's1_rdata[11]' on this instance is undriven. Assigning to 0, simulation mismatch possible. Please assign the input or remove the declaration("C:\Users\Legion\Desktop\01_sopc\1C102\src\hw\godson_mcu_top.v":240)
WARN  (EX2565) : Input 's1_rdata[10]' on this instance is undriven. Assigning to 0, simulation mismatch possible. Please assign the input or remove the declaration("C:\Users\Legion\Desktop\01_sopc\1C102\src\hw\godson_mcu_top.v":240)
WARN  (EX2565) : Input 's1_rdata[9]' on this instance is undriven. Assigning to 0, simulation mismatch possible. Please assign the input or remove the declaration("C:\Users\Legion\Desktop\01_sopc\1C102\src\hw\godson_mcu_top.v":240)
WARN  (EX2565) : Input 's1_rdata[8]' on this instance is undriven. Assigning to 0, simulation mismatch possible. Please assign the input or remove the declaration("C:\Users\Legion\Desktop\01_sopc\1C102\src\hw\godson_mcu_top.v":240)
WARN  (EX2565) : Input 's1_rdata[7]' on this instance is undriven. Assigning to 0, simulation mismatch possible. Please assign the input or remove the declaration("C:\Users\Legion\Desktop\01_sopc\1C102\src\hw\godson_mcu_top.v":240)
WARN  (EX2565) : Input 's1_rdata[6]' on this instance is undriven. Assigning to 0, simulation mismatch possible. Please assign the input or remove the declaration("C:\Users\Legion\Desktop\01_sopc\1C102\src\hw\godson_mcu_top.v":240)
WARN  (EX2565) : Input 's1_rdata[5]' on this instance is undriven. Assigning to 0, simulation mismatch possible. Please assign the input or remove the declaration("C:\Users\Legion\Desktop\01_sopc\1C102\src\hw\godson_mcu_top.v":240)
WARN  (EX2565) : Input 's1_rdata[4]' on this instance is undriven. Assigning to 0, simulation mismatch possible. Please assign the input or remove the declaration("C:\Users\Legion\Desktop\01_sopc\1C102\src\hw\godson_mcu_top.v":240)
WARN  (EX2565) : Input 's1_rdata[3]' on this instance is undriven. Assigning to 0, simulation mismatch possible. Please assign the input or remove the declaration("C:\Users\Legion\Desktop\01_sopc\1C102\src\hw\godson_mcu_top.v":240)
WARN  (EX2565) : Input 's1_rdata[2]' on this instance is undriven. Assigning to 0, simulation mismatch possible. Please assign the input or remove the declaration("C:\Users\Legion\Desktop\01_sopc\1C102\src\hw\godson_mcu_top.v":240)
WARN  (EX2565) : Input 's1_rdata[1]' on this instance is undriven. Assigning to 0, simulation mismatch possible. Please assign the input or remove the declaration("C:\Users\Legion\Desktop\01_sopc\1C102\src\hw\godson_mcu_top.v":240)
WARN  (EX2565) : Input 's1_rdata[0]' on this instance is undriven. Assigning to 0, simulation mismatch possible. Please assign the input or remove the declaration("C:\Users\Legion\Desktop\01_sopc\1C102\src\hw\godson_mcu_top.v":240)
WARN  (EX2565) : Input 's1_rresp[1]' on this instance is undriven. Assigning to 0, simulation mismatch possible. Please assign the input or remove the declaration("C:\Users\Legion\Desktop\01_sopc\1C102\src\hw\godson_mcu_top.v":240)
WARN  (EX2565) : Input 's1_rresp[0]' on this instance is undriven. Assigning to 0, simulation mismatch possible. Please assign the input or remove the declaration("C:\Users\Legion\Desktop\01_sopc\1C102\src\hw\godson_mcu_top.v":240)
WARN  (EX2565) : Input 's1_rlast' on this instance is undriven. Assigning to 0, simulation mismatch possible. Please assign the input or remove the declaration("C:\Users\Legion\Desktop\01_sopc\1C102\src\hw\godson_mcu_top.v":240)
WARN  (EX2565) : Input 's1_rvalid' on this instance is undriven. Assigning to 0, simulation mismatch possible. Please assign the input or remove the declaration("C:\Users\Legion\Desktop\01_sopc\1C102\src\hw\godson_mcu_top.v":240)
NOTE  (EX0101) : Current top module is "godson_mcu_top"
[5%] Running netlist conversion ...
Running device independent optimization ...
[10%] Optimizing Phase 0 completed
[15%] Optimizing Phase 1 completed
[25%] Optimizing Phase 2 completed
Running inference ...
[30%] Inferring Phase 0 completed
[40%] Inferring Phase 1 completed
[50%] Inferring Phase 2 completed
[55%] Inferring Phase 3 completed
Running technical mapping ...
[60%] Tech-Mapping Phase 0 completed
[65%] Tech-Mapping Phase 1 completed
WARN  (DI0003) : Latch inferred for net 'rdata[31]';We do not recommend the use of latches in FPGA designs, as they may lead to timing problems("C:\Users\Legion\Desktop\01_sopc\1C102\src\hw\apb_gpio.v":83)
WARN  (DI0003) : Latch inferred for net 'rdata[30]';We do not recommend the use of latches in FPGA designs, as they may lead to timing problems("C:\Users\Legion\Desktop\01_sopc\1C102\src\hw\apb_gpio.v":83)
WARN  (DI0003) : Latch inferred for net 'rdata[29]';We do not recommend the use of latches in FPGA designs, as they may lead to timing problems("C:\Users\Legion\Desktop\01_sopc\1C102\src\hw\apb_gpio.v":83)
WARN  (DI0003) : Latch inferred for net 'rdata[28]';We do not recommend the use of latches in FPGA designs, as they may lead to timing problems("C:\Users\Legion\Desktop\01_sopc\1C102\src\hw\apb_gpio.v":83)
WARN  (DI0003) : Latch inferred for net 'rdata[27]';We do not recommend the use of latches in FPGA designs, as they may lead to timing problems("C:\Users\Legion\Desktop\01_sopc\1C102\src\hw\apb_gpio.v":83)
WARN  (DI0003) : Latch inferred for net 'rdata[26]';We do not recommend the use of latches in FPGA designs, as they may lead to timing problems("C:\Users\Legion\Desktop\01_sopc\1C102\src\hw\apb_gpio.v":83)
WARN  (DI0003) : Latch inferred for net 'rdata[25]';We do not recommend the use of latches in FPGA designs, as they may lead to timing problems("C:\Users\Legion\Desktop\01_sopc\1C102\src\hw\apb_gpio.v":83)
WARN  (DI0003) : Latch inferred for net 'rdata[24]';We do not recommend the use of latches in FPGA designs, as they may lead to timing problems("C:\Users\Legion\Desktop\01_sopc\1C102\src\hw\apb_gpio.v":83)
WARN  (DI0003) : Latch inferred for net 'rdata[23]';We do not recommend the use of latches in FPGA designs, as they may lead to timing problems("C:\Users\Legion\Desktop\01_sopc\1C102\src\hw\apb_gpio.v":83)
WARN  (DI0003) : Latch inferred for net 'rdata[22]';We do not recommend the use of latches in FPGA designs, as they may lead to timing problems("C:\Users\Legion\Desktop\01_sopc\1C102\src\hw\apb_gpio.v":83)
WARN  (DI0003) : Latch inferred for net 'rdata[21]';We do not recommend the use of latches in FPGA designs, as they may lead to timing problems("C:\Users\Legion\Desktop\01_sopc\1C102\src\hw\apb_gpio.v":83)
WARN  (DI0003) : Latch inferred for net 'rdata[20]';We do not recommend the use of latches in FPGA designs, as they may lead to timing problems("C:\Users\Legion\Desktop\01_sopc\1C102\src\hw\apb_gpio.v":83)
WARN  (DI0003) : Latch inferred for net 'rdata[19]';We do not recommend the use of latches in FPGA designs, as they may lead to timing problems("C:\Users\Legion\Desktop\01_sopc\1C102\src\hw\apb_gpio.v":83)
WARN  (DI0003) : Latch inferred for net 'rdata[18]';We do not recommend the use of latches in FPGA designs, as they may lead to timing problems("C:\Users\Legion\Desktop\01_sopc\1C102\src\hw\apb_gpio.v":83)
WARN  (DI0003) : Latch inferred for net 'rdata[17]';We do not recommend the use of latches in FPGA designs, as they may lead to timing problems("C:\Users\Legion\Desktop\01_sopc\1C102\src\hw\apb_gpio.v":83)
WARN  (DI0003) : Latch inferred for net 'rdata[16]';We do not recommend the use of latches in FPGA designs, as they may lead to timing problems("C:\Users\Legion\Desktop\01_sopc\1C102\src\hw\apb_gpio.v":83)
WARN  (DI0003) : Latch inferred for net 'rdata[15]';We do not recommend the use of latches in FPGA designs, as they may lead to timing problems("C:\Users\Legion\Desktop\01_sopc\1C102\src\hw\apb_gpio.v":83)
WARN  (DI0003) : Latch inferred for net 'rdata[14]';We do not recommend the use of latches in FPGA designs, as they may lead to timing problems("C:\Users\Legion\Desktop\01_sopc\1C102\src\hw\apb_gpio.v":83)
WARN  (DI0003) : Latch inferred for net 'rdata[13]';We do not recommend the use of latches in FPGA designs, as they may lead to timing problems("C:\Users\Legion\Desktop\01_sopc\1C102\src\hw\apb_gpio.v":83)
WARN  (DI0003) : Latch inferred for net 'rdata[12]';We do not recommend the use of latches in FPGA designs, as they may lead to timing problems("C:\Users\Legion\Desktop\01_sopc\1C102\src\hw\apb_gpio.v":83)
WARN  (DI0003) : Latch inferred for net 'rdata[11]';We do not recommend the use of latches in FPGA designs, as they may lead to timing problems("C:\Users\Legion\Desktop\01_sopc\1C102\src\hw\apb_gpio.v":83)
WARN  (DI0003) : Latch inferred for net 'rdata[10]';We do not recommend the use of latches in FPGA designs, as they may lead to timing problems("C:\Users\Legion\Desktop\01_sopc\1C102\src\hw\apb_gpio.v":83)
WARN  (DI0003) : Latch inferred for net 'rdata[9]';We do not recommend the use of latches in FPGA designs, as they may lead to timing problems("C:\Users\Legion\Desktop\01_sopc\1C102\src\hw\apb_gpio.v":83)
WARN  (DI0003) : Latch inferred for net 'rdata[8]';We do not recommend the use of latches in FPGA designs, as they may lead to timing problems("C:\Users\Legion\Desktop\01_sopc\1C102\src\hw\apb_gpio.v":83)
WARN  (DI0003) : Latch inferred for net 'rdata[7]';We do not recommend the use of latches in FPGA designs, as they may lead to timing problems("C:\Users\Legion\Desktop\01_sopc\1C102\src\hw\apb_gpio.v":83)
WARN  (DI0003) : Latch inferred for net 'rdata[6]';We do not recommend the use of latches in FPGA designs, as they may lead to timing problems("C:\Users\Legion\Desktop\01_sopc\1C102\src\hw\apb_gpio.v":83)
WARN  (DI0003) : Latch inferred for net 'rdata[5]';We do not recommend the use of latches in FPGA designs, as they may lead to timing problems("C:\Users\Legion\Desktop\01_sopc\1C102\src\hw\apb_gpio.v":83)
WARN  (DI0003) : Latch inferred for net 'rdata[4]';We do not recommend the use of latches in FPGA designs, as they may lead to timing problems("C:\Users\Legion\Desktop\01_sopc\1C102\src\hw\apb_gpio.v":83)
WARN  (DI0003) : Latch inferred for net 'rdata[3]';We do not recommend the use of latches in FPGA designs, as they may lead to timing problems("C:\Users\Legion\Desktop\01_sopc\1C102\src\hw\apb_gpio.v":83)
WARN  (DI0003) : Latch inferred for net 'rdata[2]';We do not recommend the use of latches in FPGA designs, as they may lead to timing problems("C:\Users\Legion\Desktop\01_sopc\1C102\src\hw\apb_gpio.v":83)
WARN  (DI0003) : Latch inferred for net 'rdata[1]';We do not recommend the use of latches in FPGA designs, as they may lead to timing problems("C:\Users\Legion\Desktop\01_sopc\1C102\src\hw\apb_gpio.v":83)
WARN  (DI0003) : Latch inferred for net 'rdata[0]';We do not recommend the use of latches in FPGA designs, as they may lead to timing problems("C:\Users\Legion\Desktop\01_sopc\1C102\src\hw\apb_gpio.v":83)
WARN  (DI0003) : Latch inferred for net 'rdata[31]';We do not recommend the use of latches in FPGA designs, as they may lead to timing problems("C:\Users\Legion\Desktop\01_sopc\1C102\src\hw\pwm\pwm.v":100)
WARN  (DI0003) : Latch inferred for net 'rdata[30]';We do not recommend the use of latches in FPGA designs, as they may lead to timing problems("C:\Users\Legion\Desktop\01_sopc\1C102\src\hw\pwm\pwm.v":100)
WARN  (DI0003) : Latch inferred for net 'rdata[29]';We do not recommend the use of latches in FPGA designs, as they may lead to timing problems("C:\Users\Legion\Desktop\01_sopc\1C102\src\hw\pwm\pwm.v":100)
WARN  (DI0003) : Latch inferred for net 'rdata[28]';We do not recommend the use of latches in FPGA designs, as they may lead to timing problems("C:\Users\Legion\Desktop\01_sopc\1C102\src\hw\pwm\pwm.v":100)
WARN  (DI0003) : Latch inferred for net 'rdata[27]';We do not recommend the use of latches in FPGA designs, as they may lead to timing problems("C:\Users\Legion\Desktop\01_sopc\1C102\src\hw\pwm\pwm.v":100)
WARN  (DI0003) : Latch inferred for net 'rdata[26]';We do not recommend the use of latches in FPGA designs, as they may lead to timing problems("C:\Users\Legion\Desktop\01_sopc\1C102\src\hw\pwm\pwm.v":100)
WARN  (DI0003) : Latch inferred for net 'rdata[25]';We do not recommend the use of latches in FPGA designs, as they may lead to timing problems("C:\Users\Legion\Desktop\01_sopc\1C102\src\hw\pwm\pwm.v":100)
WARN  (DI0003) : Latch inferred for net 'rdata[24]';We do not recommend the use of latches in FPGA designs, as they may lead to timing problems("C:\Users\Legion\Desktop\01_sopc\1C102\src\hw\pwm\pwm.v":100)
WARN  (DI0003) : Latch inferred for net 'rdata[23]';We do not recommend the use of latches in FPGA designs, as they may lead to timing problems("C:\Users\Legion\Desktop\01_sopc\1C102\src\hw\pwm\pwm.v":100)
WARN  (DI0003) : Latch inferred for net 'rdata[22]';We do not recommend the use of latches in FPGA designs, as they may lead to timing problems("C:\Users\Legion\Desktop\01_sopc\1C102\src\hw\pwm\pwm.v":100)
WARN  (DI0003) : Latch inferred for net 'rdata[21]';We do not recommend the use of latches in FPGA designs, as they may lead to timing problems("C:\Users\Legion\Desktop\01_sopc\1C102\src\hw\pwm\pwm.v":100)
WARN  (DI0003) : Latch inferred for net 'rdata[20]';We do not recommend the use of latches in FPGA designs, as they may lead to timing problems("C:\Users\Legion\Desktop\01_sopc\1C102\src\hw\pwm\pwm.v":100)
WARN  (DI0003) : Latch inferred for net 'rdata[19]';We do not recommend the use of latches in FPGA designs, as they may lead to timing problems("C:\Users\Legion\Desktop\01_sopc\1C102\src\hw\pwm\pwm.v":100)
WARN  (DI0003) : Latch inferred for net 'rdata[18]';We do not recommend the use of latches in FPGA designs, as they may lead to timing problems("C:\Users\Legion\Desktop\01_sopc\1C102\src\hw\pwm\pwm.v":100)
WARN  (DI0003) : Latch inferred for net 'rdata[17]';We do not recommend the use of latches in FPGA designs, as they may lead to timing problems("C:\Users\Legion\Desktop\01_sopc\1C102\src\hw\pwm\pwm.v":100)
WARN  (DI0003) : Latch inferred for net 'rdata[16]';We do not recommend the use of latches in FPGA designs, as they may lead to timing problems("C:\Users\Legion\Desktop\01_sopc\1C102\src\hw\pwm\pwm.v":100)
WARN  (DI0003) : Latch inferred for net 'rdata[15]';We do not recommend the use of latches in FPGA designs, as they may lead to timing problems("C:\Users\Legion\Desktop\01_sopc\1C102\src\hw\pwm\pwm.v":100)
WARN  (DI0003) : Latch inferred for net 'rdata[14]';We do not recommend the use of latches in FPGA designs, as they may lead to timing problems("C:\Users\Legion\Desktop\01_sopc\1C102\src\hw\pwm\pwm.v":100)
WARN  (DI0003) : Latch inferred for net 'rdata[13]';We do not recommend the use of latches in FPGA designs, as they may lead to timing problems("C:\Users\Legion\Desktop\01_sopc\1C102\src\hw\pwm\pwm.v":100)
WARN  (DI0003) : Latch inferred for net 'rdata[12]';We do not recommend the use of latches in FPGA designs, as they may lead to timing problems("C:\Users\Legion\Desktop\01_sopc\1C102\src\hw\pwm\pwm.v":100)
WARN  (DI0003) : Latch inferred for net 'rdata[11]';We do not recommend the use of latches in FPGA designs, as they may lead to timing problems("C:\Users\Legion\Desktop\01_sopc\1C102\src\hw\pwm\pwm.v":100)
WARN  (DI0003) : Latch inferred for net 'rdata[10]';We do not recommend the use of latches in FPGA designs, as they may lead to timing problems("C:\Users\Legion\Desktop\01_sopc\1C102\src\hw\pwm\pwm.v":100)
WARN  (DI0003) : Latch inferred for net 'rdata[9]';We do not recommend the use of latches in FPGA designs, as they may lead to timing problems("C:\Users\Legion\Desktop\01_sopc\1C102\src\hw\pwm\pwm.v":100)
WARN  (DI0003) : Latch inferred for net 'rdata[8]';We do not recommend the use of latches in FPGA designs, as they may lead to timing problems("C:\Users\Legion\Desktop\01_sopc\1C102\src\hw\pwm\pwm.v":100)
WARN  (DI0003) : Latch inferred for net 'rdata[7]';We do not recommend the use of latches in FPGA designs, as they may lead to timing problems("C:\Users\Legion\Desktop\01_sopc\1C102\src\hw\pwm\pwm.v":100)
WARN  (DI0003) : Latch inferred for net 'rdata[6]';We do not recommend the use of latches in FPGA designs, as they may lead to timing problems("C:\Users\Legion\Desktop\01_sopc\1C102\src\hw\pwm\pwm.v":100)
WARN  (DI0003) : Latch inferred for net 'rdata[5]';We do not recommend the use of latches in FPGA designs, as they may lead to timing problems("C:\Users\Legion\Desktop\01_sopc\1C102\src\hw\pwm\pwm.v":100)
WARN  (DI0003) : Latch inferred for net 'rdata[4]';We do not recommend the use of latches in FPGA designs, as they may lead to timing problems("C:\Users\Legion\Desktop\01_sopc\1C102\src\hw\pwm\pwm.v":100)
WARN  (DI0003) : Latch inferred for net 'rdata[3]';We do not recommend the use of latches in FPGA designs, as they may lead to timing problems("C:\Users\Legion\Desktop\01_sopc\1C102\src\hw\pwm\pwm.v":100)
WARN  (DI0003) : Latch inferred for net 'rdata[2]';We do not recommend the use of latches in FPGA designs, as they may lead to timing problems("C:\Users\Legion\Desktop\01_sopc\1C102\src\hw\pwm\pwm.v":100)
WARN  (DI0003) : Latch inferred for net 'rdata[1]';We do not recommend the use of latches in FPGA designs, as they may lead to timing problems("C:\Users\Legion\Desktop\01_sopc\1C102\src\hw\pwm\pwm.v":100)
WARN  (DI0003) : Latch inferred for net 'rdata[0]';We do not recommend the use of latches in FPGA designs, as they may lead to timing problems("C:\Users\Legion\Desktop\01_sopc\1C102\src\hw\pwm\pwm.v":100)
WARN  (DI0003) : Latch inferred for net 'rdata[8]';We do not recommend the use of latches in FPGA designs, as they may lead to timing problems("C:\Users\Legion\Desktop\01_sopc\1C102\src\hw\hpet\hpet.v":75)
WARN  (DI0003) : Latch inferred for net 'rdata[2]';We do not recommend the use of latches in FPGA designs, as they may lead to timing problems("C:\Users\Legion\Desktop\01_sopc\1C102\src\hw\hpet\hpet.v":75)
WARN  (DI0003) : Latch inferred for net 'rdata[1]';We do not recommend the use of latches in FPGA designs, as they may lead to timing problems("C:\Users\Legion\Desktop\01_sopc\1C102\src\hw\hpet\hpet.v":75)
WARN  (DI0003) : Latch inferred for net 'rdata[0]';We do not recommend the use of latches in FPGA designs, as they may lead to timing problems("C:\Users\Legion\Desktop\01_sopc\1C102\src\hw\hpet\hpet.v":75)
[75%] Tech-Mapping Phase 2 completed
[80%] Tech-Mapping Phase 3 completed
[90%] Tech-Mapping Phase 4 completed
WARN  (NL0002) : The module "UART_RFIFO" instantiated to "uFIFO_RX" is swept in optimizing("C:\Users\Legion\Desktop\01_sopc\1C102\src\hw\uart\uart_top.v":131)
WARN  (NL0002) : The module "UART_TFIFO" instantiated to "uFIFO_TX" is swept in optimizing("C:\Users\Legion\Desktop\01_sopc\1C102\src\hw\uart\uart_top.v":117)
WARN  (NL0002) : The module "UART_RX" instantiated to "uUART_RX" is swept in optimizing("C:\Users\Legion\Desktop\01_sopc\1C102\src\hw\uart\uart_top.v":142)
WARN  (NL0002) : The module "CONFREG" instantiated to "confreg" is swept in optimizing("C:\Users\Legion\Desktop\01_sopc\1C102\src\hw\godson_mcu_top.v":324)
WARN  (NL0002) : The module "one_int_gen" instantiated to "int0" is swept in optimizing("C:\Users\Legion\Desktop\01_sopc\1C102\src\hw\confreg\confreg.v":75)
WARN  (NL0002) : The module "one_int_gen" instantiated to "int1" is swept in optimizing("C:\Users\Legion\Desktop\01_sopc\1C102\src\hw\confreg\confreg.v":77)
WARN  (NL0002) : The module "one_int_gen" instantiated to "int2" is swept in optimizing("C:\Users\Legion\Desktop\01_sopc\1C102\src\hw\confreg\confreg.v":79)
WARN  (NL0002) : The module "one_int_gen" instantiated to "int3" is swept in optimizing("C:\Users\Legion\Desktop\01_sopc\1C102\src\hw\confreg\confreg.v":81)
WARN  (NL0002) : The module "one_int_gen" instantiated to "int4" is swept in optimizing("C:\Users\Legion\Desktop\01_sopc\1C102\src\hw\confreg\confreg.v":83)
WARN  (NL0002) : The module "one_int_gen" instantiated to "int5" is swept in optimizing("C:\Users\Legion\Desktop\01_sopc\1C102\src\hw\confreg\confreg.v":85)
WARN  (NL0002) : The module "one_int_gen" instantiated to "int6" is swept in optimizing("C:\Users\Legion\Desktop\01_sopc\1C102\src\hw\confreg\confreg.v":87)
WARN  (NL0002) : The module "one_int_gen" instantiated to "int7" is swept in optimizing("C:\Users\Legion\Desktop\01_sopc\1C102\src\hw\confreg\confreg.v":89)
WARN  (NL0002) : The module "i2c_sync_module" instantiated to "i_scl_i_sync" is swept in optimizing("C:\Users\Legion\Desktop\01_sopc\1C102\src\hw\i2c\i2c_top.v":245)
WARN  (NL0002) : The module "i2c_sync_module" instantiated to "i_sda_i_sync" is swept in optimizing("C:\Users\Legion\Desktop\01_sopc\1C102\src\hw\i2c\i2c_top.v":244)
WARN  (NL0002) : The module "i2c_master_byte_ctrl" instantiated to "master_byte_controller" is swept in optimizing("C:\Users\Legion\Desktop\01_sopc\1C102\src\hw\i2c\i2c_top.v":185)
WARN  (NL0002) : The module "i2c_master_bit_ctrl" instantiated to "bit_controller" is swept in optimizing("C:\Users\Legion\Desktop\01_sopc\1C102\src\hw\i2c\i2c_master_byte_ctrl.v":116)
WARN  (NL0002) : The module "I2C_IOBUF" instantiated to "pad_I2C_SCL" is swept in optimizing("C:\Users\Legion\Desktop\01_sopc\1C102\src\hw\i2c\i2c_top.v":26)
WARN  (NL0002) : The module "I2C_IOBUF" instantiated to "pad_I2C_SDA" is swept in optimizing("C:\Users\Legion\Desktop\01_sopc\1C102\src\hw\i2c\i2c_top.v":27)
[95%] Generate netlist file "C:\Users\Legion\Desktop\01_sopc\1C102\impl\gwsynthesis\1C102.vg" completed
[100%] Generate report file "C:\Users\Legion\Desktop\01_sopc\1C102\impl\gwsynthesis\1C102_syn.rpt.html" completed
GowinSynthesis finish
